<?xml version="1.0" encoding="UTF-8"?>
<testng-results skipped="0" failed="0" ignored="0" total="2" passed="2">
  <reporter-output>
  </reporter-output>
  <suite name="Suite" duration-ms="79" started-at="2018-10-07T05:58:13Z" finished-at="2018-10-07T05:58:13Z">
    <groups>
    </groups>
    <test name="Test" duration-ms="79" started-at="2018-10-07T05:58:13Z" finished-at="2018-10-07T05:58:13Z">
      <class name="TestNG.TestNG.testNGdemo">
        <test-method status="PASS" signature="setup()[pri:0, instance:TestNG.TestNG.testNGdemo@1ad282e0]" name="setup" is-config="true" duration-ms="18" started-at="2018-10-07T05:58:13Z" finished-at="2018-10-07T05:58:13Z">
          <reporter-output>
          </reporter-output>
        </test-method> <!-- setup -->
        <test-method status="PASS" signature="test1()[pri:0, instance:TestNG.TestNG.testNGdemo@1ad282e0]" name="test1" duration-ms="12" started-at="2018-10-07T05:58:13Z" finished-at="2018-10-07T05:58:13Z">
          <reporter-output>
          </reporter-output>
        </test-method> <!-- test1 -->
        <test-method status="PASS" signature="test2()[pri:0, instance:TestNG.TestNG.testNGdemo@1ad282e0]" name="test2" duration-ms="2" started-at="2018-10-07T05:58:13Z" finished-at="2018-10-07T05:58:13Z">
          <reporter-output>
          </reporter-output>
        </test-method> <!-- test2 -->
        <test-method status="PASS" signature="tearup()[pri:0, instance:TestNG.TestNG.testNGdemo@1ad282e0]" name="tearup" is-config="true" duration-ms="1" started-at="2018-10-07T05:58:13Z" finished-at="2018-10-07T05:58:13Z">
          <reporter-output>
          </reporter-output>
        </test-method> <!-- tearup -->
      </class> <!-- TestNG.TestNG.testNGdemo -->
    </test> <!-- Test -->
  </suite> <!-- Suite -->
</testng-results>
